<?xml version="1.0" encoding="UTF-8"?>
<!-- Generated by org.testng.reporters.JUnitReportReporter -->
<testsuite hostname="DESKTOP-J8PEDR7" failures="0" tests="1" name="com.inetbanking.testcases.TC_NewCustomerCreationTest_003" time="8.207" errors="0" timestamp="06 Feb 2024 12:04:50 GMT" skipped="0">
  <testcase classname="com.inetbanking.testcases.TC_NewCustomerCreationTest_003" name="customerCreate" time="8.207"/>
</testsuite> <!-- com.inetbanking.testcases.TC_NewCustomerCreationTest_003 -->
